[debug] [2021-10-19T21:57:50.539Z] ----------------------------------------------------------------------
[debug] [2021-10-19T21:57:50.541Z] Command:       C:\Program Files\nodejs\node.exe C:\Users\dcl\AppData\Roaming\npm\node_modules\firebase-tools\lib\bin\firebase.js init
[debug] [2021-10-19T21:57:50.541Z] CLI Version:   9.20.0
[debug] [2021-10-19T21:57:50.541Z] Platform:      win32
[debug] [2021-10-19T21:57:50.541Z] Node Version:  v15.11.0
[debug] [2021-10-19T21:57:50.542Z] Time:          Wed Oct 20 2021 03:57:50 GMT+0600 (Bangladesh Standard Time)
[debug] [2021-10-19T21:57:50.542Z] ----------------------------------------------------------------------
[debug] 
[debug] [2021-10-19T21:57:50.600Z] > command requires scopes: ["email","openid","https://www.googleapis.com/auth/cloudplatformprojects.readonly","https://www.googleapis.com/auth/firebase","https://www.googleapis.com/auth/cloud-platform"]
[debug] [2021-10-19T21:57:50.600Z] > authorizing via signed-in user (shaery.parsha@gmail.com)
[info] 
     ######## #### ########  ######## ########     ###     ######  ########
     ##        ##  ##     ## ##       ##     ##  ##   ##  ##       ##
     ######    ##  ########  ######   ########  #########  ######  ######
     ##        ##  ##    ##  ##       ##     ## ##     ##       ## ##
     ##       #### ##     ## ######## ########  ##     ##  ######  ########

You're about to initialize a Firebase project in this directory:

  C:\Users\dcl\Desktop\Projects\Assignment-10\dhanmondi-diagonstic

Before we get started, keep in mind:

  * You are initializing within an existing Firebase project directory

[info] 
=== Project Setup
[info] 
[info] First, let's associate this project directory with a Firebase project.
[info] You can create multiple project aliases by running firebase use --add, 
[info] but for now we'll just set up a default project.
[info] 
[debug] [2021-10-19T21:57:59.502Z] >>> [apiv2][query] GET https://firebase.googleapis.com/v1beta1/projects/akibur-sportfolio [none]
[debug] [2021-10-19T21:58:00.095Z] <<< [apiv2][status] GET https://firebase.googleapis.com/v1beta1/projects/akibur-sportfolio 403
[debug] [2021-10-19T21:58:00.095Z] <<< [apiv2][body] GET https://firebase.googleapis.com/v1beta1/projects/akibur-sportfolio {"error":{"code":403,"message":"The caller does not have permission","status":"PERMISSION_DENIED"}}
[debug] [2021-10-19T21:58:00.096Z] HTTP Error: 403, The caller does not have permission
[debug] [2021-10-19T21:58:00.387Z] FirebaseError: HTTP Error: 403, The caller does not have permission
    at module.exports (C:\Users\dcl\AppData\Roaming\npm\node_modules\firebase-tools\lib\responseToError.js:38:12)
    at Client.doRequest (C:\Users\dcl\AppData\Roaming\npm\node_modules\firebase-tools\lib\apiv2.js:238:23)
    at processTicksAndRejections (node:internal/process/task_queues:94:5)
    at async Client.request (C:\Users\dcl\AppData\Roaming\npm\node_modules\firebase-tools\lib\apiv2.js:96:20)
    at async Object.getFirebaseProject (C:\Users\dcl\AppData\Roaming\npm\node_modules\firebase-tools\lib\management\projects.js:290:21)
    at async Object.doSetup [as project] (C:\Users\dcl\AppData\Roaming\npm\node_modules\firebase-tools\lib\init\features\project.js:84:27)
    at async init (C:\Users\dcl\AppData\Roaming\npm\node_modules\firebase-tools\lib\init\index.js:19:9)
[error] 
[error] Error: Failed to get Firebase project akibur-sportfolio. Please make sure the project exists and your account has permission to access it.
[debug] [2021-10-19T21:58:06.636Z] ----------------------------------------------------------------------
[debug] [2021-10-19T21:58:06.638Z] Command:       C:\Program Files\nodejs\node.exe C:\Users\dcl\AppData\Roaming\npm\node_modules\firebase-tools\lib\bin\firebase.js init
[debug] [2021-10-19T21:58:06.638Z] CLI Version:   9.20.0
[debug] [2021-10-19T21:58:06.638Z] Platform:      win32
[debug] [2021-10-19T21:58:06.638Z] Node Version:  v15.11.0
[debug] [2021-10-19T21:58:06.639Z] Time:          Wed Oct 20 2021 03:58:06 GMT+0600 (Bangladesh Standard Time)
[debug] [2021-10-19T21:58:06.639Z] ----------------------------------------------------------------------
[debug] 
[debug] [2021-10-19T21:58:06.696Z] > command requires scopes: ["email","openid","https://www.googleapis.com/auth/cloudplatformprojects.readonly","https://www.googleapis.com/auth/firebase","https://www.googleapis.com/auth/cloud-platform"]
[debug] [2021-10-19T21:58:06.697Z] > authorizing via signed-in user (shaery.parsha@gmail.com)
[info] 
     ######## #### ########  ######## ########     ###     ######  ########
     ##        ##  ##     ## ##       ##     ##  ##   ##  ##       ##
     ######    ##  ########  ######   ########  #########  ######  ######
     ##        ##  ##    ##  ##       ##     ## ##     ##       ## ##
     ##       #### ##     ## ######## ########  ##     ##  ######  ########

You're about to initialize a Firebase project in this directory:

  C:\Users\dcl\Desktop\Projects\Assignment-10\dhanmondi-diagonstic

Before we get started, keep in mind:

  * You are initializing within an existing Firebase project directory

[info] 
=== Project Setup
[info] 
[info] First, let's associate this project directory with a Firebase project.
[info] You can create multiple project aliases by running firebase use --add, 
[info] but for now we'll just set up a default project.
[info] 
[debug] [2021-10-19T21:58:25.616Z] >>> [apiv2][query] GET https://firebase.googleapis.com/v1beta1/projects/akibur-sportfolio [none]
[debug] [2021-10-19T21:58:26.185Z] <<< [apiv2][status] GET https://firebase.googleapis.com/v1beta1/projects/akibur-sportfolio 403
[debug] [2021-10-19T21:58:26.185Z] <<< [apiv2][body] GET https://firebase.googleapis.com/v1beta1/projects/akibur-sportfolio {"error":{"code":403,"message":"The caller does not have permission","status":"PERMISSION_DENIED"}}
[debug] [2021-10-19T21:58:26.186Z] HTTP Error: 403, The caller does not have permission
[debug] [2021-10-19T21:58:26.474Z] FirebaseError: HTTP Error: 403, The caller does not have permission
    at module.exports (C:\Users\dcl\AppData\Roaming\npm\node_modules\firebase-tools\lib\responseToError.js:38:12)
    at Client.doRequest (C:\Users\dcl\AppData\Roaming\npm\node_modules\firebase-tools\lib\apiv2.js:238:23)
    at processTicksAndRejections (node:internal/process/task_queues:94:5)
    at async Client.request (C:\Users\dcl\AppData\Roaming\npm\node_modules\firebase-tools\lib\apiv2.js:96:20)
    at async Object.getFirebaseProject (C:\Users\dcl\AppData\Roaming\npm\node_modules\firebase-tools\lib\management\projects.js:290:21)
    at async Object.doSetup [as project] (C:\Users\dcl\AppData\Roaming\npm\node_modules\firebase-tools\lib\init\features\project.js:84:27)
    at async init (C:\Users\dcl\AppData\Roaming\npm\node_modules\firebase-tools\lib\init\index.js:19:9)
[error] 
[error] Error: Failed to get Firebase project akibur-sportfolio. Please make sure the project exists and your account has permission to access it.
